[2025-07-22 16:51:40] Обработчик сработал: Array
(
    [ACTIVE] => Y
    [MODIFIED_BY] => 1
    [IBLOCK_ID] => 1
    [ACTIVE_FROM] => 22.07.2025
    [ACTIVE_TO] => test
    [SORT] => 500
    [NAME] => test
    [CODE] => 
    [TAGS] => 
    [PREVIEW_TEXT] => 
    [PREVIEW_TEXT_TYPE] => text
    [DETAIL_TEXT] => 
    [DETAIL_TEXT_TYPE] => text
    [TMP_ID] => 0
    [PROPERTY_VALUES] => Array
        (
        )

    [IPROPERTY_TEMPLATES] => Array
        (
            [ELEMENT_META_TITLE] => 
            [ELEMENT_META_KEYWORDS] => 
            [ELEMENT_META_DESCRIPTION] => 
            [ELEMENT_PAGE_TITLE] => 
            [ELEMENT_PREVIEW_PICTURE_FILE_ALT] => 
            [ELEMENT_PREVIEW_PICTURE_FILE_TITLE] => 
            [ELEMENT_PREVIEW_PICTURE_FILE_NAME] => 
            [ELEMENT_DETAIL_PICTURE_FILE_ALT] => 
            [ELEMENT_DETAIL_PICTURE_FILE_TITLE] => 
            [ELEMENT_DETAIL_PICTURE_FILE_NAME] => 
        )

    [SEARCHABLE_CONTENT] => TEST


    [RESULT_MESSAGE] => Неверный формат даты завершения активности.<br>
    [RESULT] => 
)

[2025-07-22 16:51:47] Обработчик сработал: Array
(
    [ACTIVE] => Y
    [MODIFIED_BY] => 1
    [IBLOCK_ID] => 1
    [ACTIVE_FROM] => 22.07.2025
    [ACTIVE_TO] => 
    [SORT] => 500
    [NAME] => test
    [CODE] => test
    [TAGS] => 
    [PREVIEW_TEXT] => 
    [PREVIEW_TEXT_TYPE] => text
    [DETAIL_TEXT] => 
    [DETAIL_TEXT_TYPE] => text
    [TMP_ID] => 0
    [PROPERTY_VALUES] => Array
        (
        )

    [IPROPERTY_TEMPLATES] => Array
        (
            [ELEMENT_META_TITLE] => 
            [ELEMENT_META_KEYWORDS] => 
            [ELEMENT_META_DESCRIPTION] => 
            [ELEMENT_PAGE_TITLE] => 
            [ELEMENT_PREVIEW_PICTURE_FILE_ALT] => 
            [ELEMENT_PREVIEW_PICTURE_FILE_TITLE] => 
            [ELEMENT_PREVIEW_PICTURE_FILE_NAME] => 
            [ELEMENT_DETAIL_PICTURE_FILE_ALT] => 
            [ELEMENT_DETAIL_PICTURE_FILE_TITLE] => 
            [ELEMENT_DETAIL_PICTURE_FILE_NAME] => 
        )

    [SEARCHABLE_CONTENT] => TEST


    [CREATED_BY] => 1
    [~DATE_CREATE] => now()
    [~TIMESTAMP_X] => now()
    [XML_ID] => 35
    [ID] => 35
    [RESULT] => 35
)

[2025-07-22 16:51:47] Обработчик сработал: Array
(
    [IBLOCK_ID] => 12
    [NAME] => 35
    [ACTIVE] => Y
    [ACTIVE_FROM] => 22.07.2025 16:51:47
    [PREVIEW_TEXT] => Новости -> test
    [IBLOCK_SECTION] => Array
        (
            [0] => 6
        )

    [SEARCHABLE_CONTENT] => 35
НОВОСТИ -> TEST
    [CREATED_BY] => 1
    [MODIFIED_BY] => 1
    [~DATE_CREATE] => now()
    [~TIMESTAMP_X] => now()
    [XML_ID] => 36
    [ID] => 36
    [RESULT] => 36
)

